<?xml version="1.0" encoding="UTF-8"?>
<!-- Generated by org.testng.reporters.JUnitReportReporter -->
<testsuite hostname="LTIN588531" failures="0" tests="4" name="bmi_tests.QueriesTest" time="2.089" errors="0" timestamp="2025-06-27T23:01:46 IST" skipped="0">
  <testcase classname="bmi_tests.QueriesTest" name="testQueriesForm" time="0.468"/>
  <testcase classname="bmi_tests.QueriesTest" name="testQueriesForm" time="0.515"/>
  <testcase classname="bmi_tests.QueriesTest" name="testQueriesForm" time="0.570"/>
  <testcase classname="bmi_tests.QueriesTest" name="testQueriesForm" time="0.536"/>
</testsuite> <!-- bmi_tests.QueriesTest -->
