<?xml version="1.0" encoding="UTF-8"?>
<!-- Generated by org.testng.reporters.JUnitReportReporter -->
<testsuite hostname="LTIN588531" failures="0" tests="6" name="com.selenium.eduviya_testpages.EduvidyaTest" time="20.483" errors="0" timestamp="2025-06-13T17:27:50 IST" skipped="0">
  <testcase classname="com.selenium.eduviya_testpages.EduvidyaTest" name="openHomePage" time="1.096"/>
  <testcase classname="com.selenium.eduviya_testpages.EduvidyaTest" name="navigateToSchools" time="4.537"/>
  <testcase classname="com.selenium.eduviya_testpages.EduvidyaTest" name="selectCourseType" time="0.166"/>
  <testcase classname="com.selenium.eduviya_testpages.EduvidyaTest" name="selectCity" time="0.151"/>
  <testcase classname="com.selenium.eduviya_testpages.EduvidyaTest" name="searchSchools" time="14.532"/>
  <testcase classname="com.selenium.eduviya_testpages.EduvidyaTest" name="displayListofSchools" time="0.001"/>
</testsuite> <!-- com.selenium.eduviya_testpages.EduvidyaTest -->
